{
  "RSpec": {
    "coverage": {
      "/Users/punchcafe/Projects/BlackLitOnRails/spec/support/factory_bot.rb": [
        1,
        1,
        null
      ],
      "/Users/punchcafe/Projects/BlackLitOnRails/config/environment.rb": [
        null,
        1,
        null,
        null,
        1
      ],
      "/Users/punchcafe/Projects/BlackLitOnRails/config/application.rb": [
        1,
        null,
        1,
        null,
        null,
        null,
        1,
        null,
        1,
        1,
        null,
        1,
        null,
        null,
        null,
        null,
        null,
        null,
        null
      ],
      "/Users/punchcafe/Projects/BlackLitOnRails/config/boot.rb": [
        1,
        null,
        1,
        1
      ],
      "/Users/punchcafe/Projects/BlackLitOnRails/config/environments/test.rb": [
        1,
        null,
        null,
        null,
        null,
        null,
        null,
        1,
        null,
        null,
        null,
        null,
        1,
        null,
        null,
        1,
        1,
        null,
        null,
        null,
        null,
        1,
        1,
        null,
        null,
        1,
        null,
        null,
        1,
        null,
        null,
        1,
        null,
        1,
        null,
        null,
        null,
        null,
        1,
        null,
        null,
        1,
        null,
        null,
        null,
        null
      ],
      "/Users/punchcafe/Projects/BlackLitOnRails/config/initializers/application_controller_renderer.rb": [
        null,
        null,
        null,
        null,
        null,
        null,
        null,
        null
      ],
      "/Users/punchcafe/Projects/BlackLitOnRails/config/initializers/assets.rb": [
        null,
        null,
        null,
        1,
        null,
        null,
        null,
        null,
        1,
        null,
        null,
        null,
        null,
        null
      ],
      "/Users/punchcafe/Projects/BlackLitOnRails/config/initializers/backtrace_silencers.rb": [
        null,
        null,
        null,
        null,
        null,
        null,
        null
      ],
      "/Users/punchcafe/Projects/BlackLitOnRails/config/initializers/content_security_policy.rb": [
        null,
        null,
        null,
        null,
        null,
        null,
        null,
        null,
        null,
        null,
        null,
        null,
        null,
        null,
        null,
        null,
        null,
        null,
        null,
        null,
        null,
        null,
        null,
        null,
        null
      ],
      "/Users/punchcafe/Projects/BlackLitOnRails/config/initializers/cookies_serializer.rb": [
        null,
        null,
        null,
        null,
        1
      ],
      "/Users/punchcafe/Projects/BlackLitOnRails/config/initializers/devise.rb": [
        null,
        null,
        null,
        null,
        1,
        null,
        null,
        null,
        null,
        null,
        null,
        null,
        null,
        null,
        null,
        null,
        null,
        null,
        null,
        null,
        1,
        null,
        null,
        null,
        null,
        null,
        null,
        null,
        null,
        null,
        null,
        null,
        1,
        null,
        null,
        null,
        null,
        null,
        null,
        null,
        null,
        null,
        null,
        null,
        null,
        null,
        null,
        null,
        null,
        null,
        null,
        null,
        null,
        null,
        1,
        null,
        null,
        null,
        null,
        1,
        null,
        null,
        null,
        null,
        null,
        null,
        null,
        null,
        null,
        null,
        null,
        null,
        null,
        null,
        null,
        null,
        null,
        null,
        null,
        null,
        null,
        null,
        null,
        null,
        null,
        null,
        null,
        null,
        null,
        null,
        1,
        null,
        null,
        null,
        null,
        null,
        null,
        null,
        null,
        null,
        null,
        null,
        null,
        null,
        null,
        null,
        null,
        null,
        null,
        null,
        null,
        null,
        null,
        1,
        null,
        null,
        null,
        null,
        null,
        null,
        null,
        null,
        null,
        null,
        null,
        null,
        null,
        null,
        null,
        null,
        null,
        null,
        null,
        null,
        null,
        null,
        null,
        null,
        null,
        null,
        null,
        null,
        null,
        null,
        null,
        null,
        null,
        1,
        null,
        null,
        null,
        null,
        null,
        null,
        null,
        null,
        null,
        1,
        null,
        null,
        null,
        null,
        null,
        null,
        null,
        null,
        null,
        null,
        1,
        null,
        null,
        null,
        null,
        1,
        null,
        null,
        null,
        null,
        null,
        null,
        null,
        null,
        null,
        null,
        null,
        null,
        null,
        null,
        null,
        null,
        null,
        null,
        null,
        null,
        null,
        null,
        null,
        null,
        null,
        null,
        null,
        null,
        null,
        null,
        null,
        null,
        null,
        null,
        null,
        null,
        null,
        null,
        null,
        null,
        1,
        null,
        null,
        null,
        null,
        null,
        null,
        null,
        null,
        null,
        null,
        null,
        null,
        null,
        null,
        null,
        null,
        null,
        null,
        null,
        null,
        null,
        null,
        null,
        null,
        null,
        null,
        null,
        null,
        null,
        null,
        null,
        null,
        null,
        null,
        null,
        null,
        null,
        null,
        null,
        null,
        null,
        1,
        null,
        null,
        null,
        null,
        null,
        null,
        null,
        null,
        null,
        null,
        null,
        null,
        null,
        null,
        null,
        null,
        null,
        null,
        null,
        null,
        null,
        null,
        null,
        null,
        null,
        null,
        null,
        null,
        null,
        null,
        null,
        null,
        null,
        null,
        null,
        null,
        null,
        null,
        null,
        null,
        null,
        null
      ],
      "/Users/punchcafe/Projects/BlackLitOnRails/config/initializers/filter_parameter_logging.rb": [
        null,
        null,
        null,
        1
      ],
      "/Users/punchcafe/Projects/BlackLitOnRails/config/initializers/inflections.rb": [
        null,
        null,
        null,
        null,
        null,
        null,
        null,
        null,
        null,
        null,
        null,
        null,
        null,
        null,
        null,
        null
      ],
      "/Users/punchcafe/Projects/BlackLitOnRails/config/initializers/mime_types.rb": [
        null,
        null,
        null,
        null
      ],
      "/Users/punchcafe/Projects/BlackLitOnRails/config/initializers/wrap_parameters.rb": [
        null,
        null,
        null,
        null,
        null,
        null,
        1,
        2,
        null,
        null,
        null,
        null,
        null,
        null
      ],
      "/Users/punchcafe/Projects/BlackLitOnRails/spec/factories.rb": [
        1,
        1,
        4,
        4,
        null,
        null
      ],
      "/Users/punchcafe/Projects/BlackLitOnRails/config/routes.rb": [
        1,
        null,
        1,
        1,
        1,
        1,
        null
      ],
      "/Users/punchcafe/Projects/BlackLitOnRails/app/helpers/admins_helper.rb": [
        1,
        null
      ],
      "/Users/punchcafe/Projects/BlackLitOnRails/app/helpers/application_helper.rb": [
        1,
        1,
        21,
        null,
        null
      ],
      "/Users/punchcafe/Projects/BlackLitOnRails/app/helpers/sessions_helper.rb": [
        1,
        1,
        9,
        9,
        9,
        0,
        0,
        null,
        null,
        null,
        1,
        3,
        null,
        null,
        1,
        3,
        null,
        null,
        null
      ],
      "/Users/punchcafe/Projects/BlackLitOnRails/app/controllers/admins_controller.rb": [
        1,
        1,
        7,
        null,
        1,
        7,
        null,
        null
      ],
      "/Users/punchcafe/Projects/BlackLitOnRails/app/controllers/application_controller.rb": [
        1,
        null,
        1,
        1,
        null
      ],
      "/Users/punchcafe/Projects/BlackLitOnRails/spec/controllers/sessions_controller_spec.rb": [
        1,
        null,
        1,
        null,
        null
      ],
      "/Users/punchcafe/Projects/BlackLitOnRails/app/controllers/sessions_controller.rb": [
        1,
        null,
        1,
        1,
        null,
        1,
        3,
        3,
        3,
        null,
        null,
        1,
        1,
        1,
        null,
        null
      ],
      "/Users/punchcafe/Projects/BlackLitOnRails/spec/features/admin_can_sign_in_spec.rb": [
        1,
        null,
        1,
        1,
        1,
        1,
        1,
        1,
        1,
        1,
        null,
        1,
        1,
        1,
        1,
        1,
        1,
        1,
        1,
        1,
        null,
        null,
        1,
        1,
        1,
        1,
        1,
        1,
        1,
        1,
        1,
        1,
        1,
        null,
        null,
        1,
        1,
        1,
        null,
        null,
        null
      ],
      "/Users/punchcafe/Projects/BlackLitOnRails/spec/helpers/admins_helper_spec.rb": [
        1,
        null,
        null,
        null,
        null,
        null,
        null,
        null,
        null,
        null,
        null,
        null,
        1,
        null,
        null
      ],
      "/Users/punchcafe/Projects/BlackLitOnRails/spec/helpers/sessions_helper_spec.rb": [
        1,
        null,
        null,
        null,
        null,
        null,
        null,
        null,
        null,
        null,
        null,
        null,
        1,
        null,
        null
      ],
      "/Users/punchcafe/Projects/BlackLitOnRails/spec/models/admin_spec.rb": [
        1,
        null,
        1,
        null,
        null
      ],
      "/Users/punchcafe/Projects/BlackLitOnRails/app/models/admin.rb": [
        1,
        null
      ],
      "/Users/punchcafe/Projects/BlackLitOnRails/app/models/application_record.rb": [
        1,
        1,
        null
      ],
      "/Users/punchcafe/Projects/BlackLitOnRails/spec/requests/sessions_requests_spec.rb": [
        1,
        null,
        1,
        1,
        1,
        1,
        null,
        null
      ]
    },
    "timestamp": 1554239572
  }
}
